300
59 -47
-69 -31
-14 100
16 -32
25 -73
86 36
60 72
65 -82
31 57
34 -70
-2 89
-37 -44
14 -9
75 -10
2 -19
50 -44
78 -11
27 -35
16 -37
-69 62
11 -1
36 -72
17 -10
36 44
-90 80
-89 -55
-17 -89
-7 20
-95 -66
100 -67
-15 21
77 7
71 71
89 -70
-62 -72
32 -97
-58 36
-47 -77
-14 16
-58 -96
-32 -71
15 -9
-66 -8
42 -63
22 -94
-78 -90
20 -21
17 7
-4 -26
8 60
-11 98
37 46
-32 97
-95 95
-89 41
92 71
-17 -5
24 21
-47 -56
34 -27
25 1
46 -95
30 4
60 42
-65 -87
-66 83
94 4
-57 28
16 -70
36 -96
19 -14
-22 -82
-27 52
68 -19
28 88
91 -99
-11 25
97 47
-7 -46
94 -85
-65 63
-90 -92
85 80
-9 85
-92 -64
74 83
-61 45
60 85
-91 33
-5 -13
-11 22
74 65
70 50
96 -63
62 66
-29 10
25 -30
65 -64
43 59
-87 -25
-18 76
-2 -75
73 -73
-13 64
-14 -10
-70 -90
96 -69
-49 -72
93 81
24 -11
-72 -97
94 99
-66 23
53 51
33 -33
65 19
41 60
56 -75
82 -62
44 -46
-56 -56
32 -75
-10 67
95 -10
59 -8
21 74
-19 -67
38 -93
-65 -28
-71 89
43 66
-14 53
-45 -99
59 -78
16 13
25 -44
-92 -52
-23 12
-16 -48
-41 18
-91 -16
-55 -64
-25 -1
-96 87
56 -82
32 -92
-72 -7
-66 41
-23 -14
-73 5
19 52
56 -84
-28 -43
93 -93
-64 -20
68 47
-58 -80
-97 -73
-90 -14
45 -62
57 13
68 0
54 -21
3 24
-54 19
-45 -59
100 33
-46 -27
-35 6
-21 -62
68 17
-76 -44
65 2
-34 32
-100 -38
53 15
74 -21
35 62
32 34
55 -90
46 10
-20 76
51 70
62 53
-16 -83
-37 48
-52 -49
-55 77
-100 -10
79 84
49 98
69 88
-62 99
-98 -73
-16 -80
76 5
-95 -37
-65 -13
100 -85
20 66
-89 -48
-84 54
71 41
63 31
7 -11
87 77
-55 -63
58 33
-90 52
50 -60
-4 -14
72 -76
-98 -63
1 78
-2 16
37 -2
-88 63
-85 -36
26 -19
15 -71
-38 -27
-78 20
-26 88
76 48
-63 -51
62 57
-96 90
38 -85
-7 -59
-33 44
-65 40
2 -22
-21 -46
-58 -89
16 5
71 58
51 -81
-18 92
-19 17
-87 87
-22 36
-40 32
73 68
96 37
75 76
-97 -72
-80 43
-30 -55
-9 3
-98 20
-74 35
-3 63
-35 -67
-96 49
-61 -58
3 99
30 -39
95 -72
27 80
61 22
85 -73
63 44
-25 9
97 -55
-85 -57
72 -49
-72 56
-48 50
46 -66
90 -13
78 -99
-3 4
-90 62
82 24
68 15
82 95
28 100
51 -24
-12 -73
-92 -16
-65 35
-15 66
26 -87
-34 66
-10 64
69 -58
53 -19
8 -50
-52 4
-53 49
65 -53
-96 -40
23 71
-40 -78
14 87
-68 -6
94 33
19 18
99 38
-83 -84
